<?xml version="1.0" encoding="UTF-8"?>
<testsuites name="TS_1_CreateAccount" time="2" tests="0" failures="0" errors="6">
   <testsuite name="TS_1_CreateAccount" tests="0" failures="0" errors="6" time="2" timestamp="2019-04-26 13:49:09" hostname="CANSU - 172.30.9.166" id="Test Suites/TS_1_CreateAccount">
      <properties>
         <property name="deviceName" value=""/>
         <property name="devicePlatform" value=""/>
         <property name="logFolder" value="C:\\Users\\CANSU\\Katalon Studio\\Turkuaz_Test_Project\\Reports\\TS_1_CreateAccount\\20190426_134907"/>
         <property name="logFiles" value="C:\\Users\\CANSU\\Katalon Studio\\Turkuaz_Test_Project\\Reports\\TS_1_CreateAccount\\20190426_134907\\execution0.log"/>
         <property name="attachments" value=""/>
         <property name="hostName" value="CANSU - 172.30.9.166"/>
         <property name="hostAddress" value="172.30.9.166"/>
         <property name="os" value="Windows 7 64bit"/>
         <property name="katalonVersion" value="6.1.1.1"/>
      </properties>
      <testcase name="Test Cases/TC_1_CreateAccount" classname="Test Cases/TC_1_CreateAccount" status="ERROR">
         <error type="ERROR" message="Test Cases/TC_1_CreateAccount FAILED.
Reason:
groovy.lang.MissingPropertyException: No such property: s for class: Script1556263542255
	at TC_1_CreateAccount.run(TC_1_CreateAccount:33)
	at com.kms.katalon.core.main.ScriptEngine.run(ScriptEngine.java:194)
	at com.kms.katalon.core.main.ScriptEngine.runScriptAsRawText(ScriptEngine.java:119)
	at com.kms.katalon.core.main.TestCaseExecutor.runScript(TestCaseExecutor.java:342)
	at com.kms.katalon.core.main.TestCaseExecutor.doExecute(TestCaseExecutor.java:333)
	at com.kms.katalon.core.main.TestCaseExecutor.processExecutionPhase(TestCaseExecutor.java:312)
	at com.kms.katalon.core.main.TestCaseExecutor.accessMainPhase(TestCaseExecutor.java:304)
	at com.kms.katalon.core.main.TestCaseExecutor.execute(TestCaseExecutor.java:238)
	at com.kms.katalon.core.main.TestSuiteExecutor.accessTestCaseMainPhase(TestSuiteExecutor.java:129)
	at com.kms.katalon.core.main.TestSuiteExecutor.accessTestSuiteMainPhase(TestSuiteExecutor.java:112)
	at com.kms.katalon.core.main.TestSuiteExecutor.execute(TestSuiteExecutor.java:81)
	at com.kms.katalon.core.main.TestCaseMain.startTestSuite(TestCaseMain.java:157)
	at com.kms.katalon.core.main.TestCaseMain$startTestSuite$0.call(Unknown Source)
	at TempTestSuite1556275747878.run(TempTestSuite1556275747878.groovy:35)
"/>
         <system-out><![CDATA[2019-04-26 13:49:09 - [TEST_CASE][ERROR] - Test Cases/TC_1_CreateAccount: Test Cases/TC_1_CreateAccount FAILED.
Reason:
groovy.lang.MissingPropertyException: No such property: s for class: Script1556263542255
	at TC_1_CreateAccount.run(TC_1_CreateAccount:33)
	at com.kms.katalon.core.main.ScriptEngine.run(ScriptEngine.java:194)
	at com.kms.katalon.core.main.ScriptEngine.runScriptAsRawText(ScriptEngine.java:119)
	at com.kms.katalon.core.main.TestCaseExecutor.runScript(TestCaseExecutor.java:342)
	at com.kms.katalon.core.main.TestCaseExecutor.doExecute(TestCaseExecutor.java:333)
	at com.kms.katalon.core.main.TestCaseExecutor.processExecutionPhase(TestCaseExecutor.java:312)
	at com.kms.katalon.core.main.TestCaseExecutor.accessMainPhase(TestCaseExecutor.java:304)
	at com.kms.katalon.core.main.TestCaseExecutor.execute(TestCaseExecutor.java:238)
	at com.kms.katalon.core.main.TestSuiteExecutor.accessTestCaseMainPhase(TestSuiteExecutor.java:129)
	at com.kms.katalon.core.main.TestSuiteExecutor.accessTestSuiteMainPhase(TestSuiteExecutor.java:112)
	at com.kms.katalon.core.main.TestSuiteExecutor.execute(TestSuiteExecutor.java:81)
	at com.kms.katalon.core.main.TestCaseMain.startTestSuite(TestCaseMain.java:157)
	at com.kms.katalon.core.main.TestCaseMain$startTestSuite$0.call(Unknown Source)
	at TempTestSuite1556275747878.run(TempTestSuite1556275747878.groovy:35)


2019-04-26 13:49:10 - [TEST_STEP][PASSED] - randomCustID = <not implemented yet for class: org.codehaus.groovy.ast.expr.EmptyExpression>: null

2019-04-26 13:49:10 - [TEST_STEP][PASSED] - resultWord = <not implemented yet for class: org.codehaus.groovy.ast.expr.EmptyExpression>: null

2019-04-26 13:49:10 - [TEST_STEP][PASSED] - randomCustID = com.turkuaz.test.pkg.getTransactions.getRandomCustID(custID): com.turkuaz.test.pkg.getTransactions.getRandomCustID is PASSED

2019-04-26 13:49:10 - [MESSAGE][PASSED] - com.turkuaz.test.pkg.getTransactions.getRandomCustID is PASSED

2019-04-26 13:49:10 - [TEST_STEP][PASSED] - println("... custID oluşturuldu.. custID= " + randomCustID): null

2019-04-26 13:49:10 - [TEST_STEP][PASSED] - resultWord = findTestObject(com.turkuaz.test.pkg.getTransactions.writeExcel(randomCustID)): Test object with id 'Object Repository/1130341' does not exist

2019-04-26 13:49:11 - [MESSAGE][PASSED] - com.turkuaz.test.pkg.getTransactions.writeExcel is PASSED

2019-04-26 13:49:11 - [MESSAGE][WARNING] - Test object with id 'Object Repository/1130341' does not exist

2019-04-26 13:49:11 - [TEST_STEP][PASSED] - println("... resultWord dosyaya yazıldı.. resultWord= " + resultWord): null

2019-04-26 13:49:11 - [TEST_STEP][ERROR] - s: s FAILED.
Reason:
groovy.lang.MissingPropertyException: No such property: s for class: Script1556263542255
	at TC_1_CreateAccount.run(TC_1_CreateAccount:33)
	at com.kms.katalon.core.main.ScriptEngine.run(ScriptEngine.java:194)
	at com.kms.katalon.core.main.ScriptEngine.runScriptAsRawText(ScriptEngine.java:119)
	at com.kms.katalon.core.main.TestCaseExecutor.runScript(TestCaseExecutor.java:342)
	at com.kms.katalon.core.main.TestCaseExecutor.doExecute(TestCaseExecutor.java:333)
	at com.kms.katalon.core.main.TestCaseExecutor.processExecutionPhase(TestCaseExecutor.java:312)
	at com.kms.katalon.core.main.TestCaseExecutor.accessMainPhase(TestCaseExecutor.java:304)
	at com.kms.katalon.core.main.TestCaseExecutor.execute(TestCaseExecutor.java:238)
	at com.kms.katalon.core.main.TestSuiteExecutor.accessTestCaseMainPhase(TestSuiteExecutor.java:129)
	at com.kms.katalon.core.main.TestSuiteExecutor.accessTestSuiteMainPhase(TestSuiteExecutor.java:112)
	at com.kms.katalon.core.main.TestSuiteExecutor.execute(TestSuiteExecutor.java:81)
	at com.kms.katalon.core.main.TestCaseMain.startTestSuite(TestCaseMain.java:157)
	at com.kms.katalon.core.main.TestCaseMain$startTestSuite$0.call(Unknown Source)
	at TempTestSuite1556275747878.run(TempTestSuite1556275747878.groovy:35)


2019-04-26 13:49:11 - [MESSAGE][ERROR] - s FAILED.
Reason:
groovy.lang.MissingPropertyException: No such property: s for class: Script1556263542255
	at TC_1_CreateAccount.run(TC_1_CreateAccount:33)
	at com.kms.katalon.core.main.ScriptEngine.run(ScriptEngine.java:194)
	at com.kms.katalon.core.main.ScriptEngine.runScriptAsRawText(ScriptEngine.java:119)
	at com.kms.katalon.core.main.TestCaseExecutor.runScript(TestCaseExecutor.java:342)
	at com.kms.katalon.core.main.TestCaseExecutor.doExecute(TestCaseExecutor.java:333)
	at com.kms.katalon.core.main.TestCaseExecutor.processExecutionPhase(TestCaseExecutor.java:312)
	at com.kms.katalon.core.main.TestCaseExecutor.accessMainPhase(TestCaseExecutor.java:304)
	at com.kms.katalon.core.main.TestCaseExecutor.execute(TestCaseExecutor.java:238)
	at com.kms.katalon.core.main.TestSuiteExecutor.accessTestCaseMainPhase(TestSuiteExecutor.java:129)
	at com.kms.katalon.core.main.TestSuiteExecutor.accessTestSuiteMainPhase(TestSuiteExecutor.java:112)
	at com.kms.katalon.core.main.TestSuiteExecutor.execute(TestSuiteExecutor.java:81)
	at com.kms.katalon.core.main.TestCaseMain.startTestSuite(TestCaseMain.java:157)
	at com.kms.katalon.core.main.TestCaseMain$startTestSuite$0.call(Unknown Source)
	at TempTestSuite1556275747878.run(TempTestSuite1556275747878.groovy:35)]]></system-out>
         <system-err><![CDATA[2019-04-26 13:49:09 - [TEST_CASE][ERROR] - Test Cases/TC_1_CreateAccount: Test Cases/TC_1_CreateAccount FAILED.
Reason:
groovy.lang.MissingPropertyException: No such property: s for class: Script1556263542255
	at TC_1_CreateAccount.run(TC_1_CreateAccount:33)
	at com.kms.katalon.core.main.ScriptEngine.run(ScriptEngine.java:194)
	at com.kms.katalon.core.main.ScriptEngine.runScriptAsRawText(ScriptEngine.java:119)
	at com.kms.katalon.core.main.TestCaseExecutor.runScript(TestCaseExecutor.java:342)
	at com.kms.katalon.core.main.TestCaseExecutor.doExecute(TestCaseExecutor.java:333)
	at com.kms.katalon.core.main.TestCaseExecutor.processExecutionPhase(TestCaseExecutor.java:312)
	at com.kms.katalon.core.main.TestCaseExecutor.accessMainPhase(TestCaseExecutor.java:304)
	at com.kms.katalon.core.main.TestCaseExecutor.execute(TestCaseExecutor.java:238)
	at com.kms.katalon.core.main.TestSuiteExecutor.accessTestCaseMainPhase(TestSuiteExecutor.java:129)
	at com.kms.katalon.core.main.TestSuiteExecutor.accessTestSuiteMainPhase(TestSuiteExecutor.java:112)
	at com.kms.katalon.core.main.TestSuiteExecutor.execute(TestSuiteExecutor.java:81)
	at com.kms.katalon.core.main.TestCaseMain.startTestSuite(TestCaseMain.java:157)
	at com.kms.katalon.core.main.TestCaseMain$startTestSuite$0.call(Unknown Source)
	at TempTestSuite1556275747878.run(TempTestSuite1556275747878.groovy:35)]]></system-err>
      </testcase>
      <testcase name="Test Cases/TC_1_CreateAccount" classname="Test Cases/TC_1_CreateAccount" status="ERROR">
         <error type="ERROR" message="Test Cases/TC_1_CreateAccount FAILED.
Reason:
groovy.lang.MissingPropertyException: No such property: s for class: Script1556263542255
	at TC_1_CreateAccount.run(TC_1_CreateAccount:33)
	at com.kms.katalon.core.main.ScriptEngine.run(ScriptEngine.java:194)
	at com.kms.katalon.core.main.ScriptEngine.runScriptAsRawText(ScriptEngine.java:119)
	at com.kms.katalon.core.main.TestCaseExecutor.runScript(TestCaseExecutor.java:342)
	at com.kms.katalon.core.main.TestCaseExecutor.doExecute(TestCaseExecutor.java:333)
	at com.kms.katalon.core.main.TestCaseExecutor.processExecutionPhase(TestCaseExecutor.java:312)
	at com.kms.katalon.core.main.TestCaseExecutor.accessMainPhase(TestCaseExecutor.java:304)
	at com.kms.katalon.core.main.TestCaseExecutor.execute(TestCaseExecutor.java:238)
	at com.kms.katalon.core.main.TestSuiteExecutor.accessTestCaseMainPhase(TestSuiteExecutor.java:129)
	at com.kms.katalon.core.main.TestSuiteExecutor.accessTestSuiteMainPhase(TestSuiteExecutor.java:112)
	at com.kms.katalon.core.main.TestSuiteExecutor.execute(TestSuiteExecutor.java:81)
	at com.kms.katalon.core.main.TestCaseMain.startTestSuite(TestCaseMain.java:157)
	at com.kms.katalon.core.main.TestCaseMain$startTestSuite$0.call(Unknown Source)
	at TempTestSuite1556275747878.run(TempTestSuite1556275747878.groovy:35)
"/>
         <system-out><![CDATA[2019-04-26 13:49:11 - [TEST_CASE][ERROR] - Test Cases/TC_1_CreateAccount: Test Cases/TC_1_CreateAccount FAILED.
Reason:
groovy.lang.MissingPropertyException: No such property: s for class: Script1556263542255
	at TC_1_CreateAccount.run(TC_1_CreateAccount:33)
	at com.kms.katalon.core.main.ScriptEngine.run(ScriptEngine.java:194)
	at com.kms.katalon.core.main.ScriptEngine.runScriptAsRawText(ScriptEngine.java:119)
	at com.kms.katalon.core.main.TestCaseExecutor.runScript(TestCaseExecutor.java:342)
	at com.kms.katalon.core.main.TestCaseExecutor.doExecute(TestCaseExecutor.java:333)
	at com.kms.katalon.core.main.TestCaseExecutor.processExecutionPhase(TestCaseExecutor.java:312)
	at com.kms.katalon.core.main.TestCaseExecutor.accessMainPhase(TestCaseExecutor.java:304)
	at com.kms.katalon.core.main.TestCaseExecutor.execute(TestCaseExecutor.java:238)
	at com.kms.katalon.core.main.TestSuiteExecutor.accessTestCaseMainPhase(TestSuiteExecutor.java:129)
	at com.kms.katalon.core.main.TestSuiteExecutor.accessTestSuiteMainPhase(TestSuiteExecutor.java:112)
	at com.kms.katalon.core.main.TestSuiteExecutor.execute(TestSuiteExecutor.java:81)
	at com.kms.katalon.core.main.TestCaseMain.startTestSuite(TestCaseMain.java:157)
	at com.kms.katalon.core.main.TestCaseMain$startTestSuite$0.call(Unknown Source)
	at TempTestSuite1556275747878.run(TempTestSuite1556275747878.groovy:35)


2019-04-26 13:49:11 - [TEST_STEP][PASSED] - randomCustID = <not implemented yet for class: org.codehaus.groovy.ast.expr.EmptyExpression>: null

2019-04-26 13:49:11 - [TEST_STEP][PASSED] - resultWord = <not implemented yet for class: org.codehaus.groovy.ast.expr.EmptyExpression>: null

2019-04-26 13:49:11 - [TEST_STEP][PASSED] - randomCustID = com.turkuaz.test.pkg.getTransactions.getRandomCustID(custID): com.turkuaz.test.pkg.getTransactions.getRandomCustID is PASSED

2019-04-26 13:49:11 - [MESSAGE][PASSED] - com.turkuaz.test.pkg.getTransactions.getRandomCustID is PASSED

2019-04-26 13:49:11 - [TEST_STEP][PASSED] - println("... custID oluşturuldu.. custID= " + randomCustID): null

2019-04-26 13:49:11 - [TEST_STEP][PASSED] - resultWord = findTestObject(com.turkuaz.test.pkg.getTransactions.writeExcel(randomCustID)): Test object with id 'Object Repository/1510286' does not exist

2019-04-26 13:49:11 - [MESSAGE][PASSED] - com.turkuaz.test.pkg.getTransactions.writeExcel is PASSED

2019-04-26 13:49:11 - [MESSAGE][WARNING] - Test object with id 'Object Repository/1510286' does not exist

2019-04-26 13:49:11 - [TEST_STEP][PASSED] - println("... resultWord dosyaya yazıldı.. resultWord= " + resultWord): null

2019-04-26 13:49:11 - [TEST_STEP][ERROR] - s: s FAILED.
Reason:
groovy.lang.MissingPropertyException: No such property: s for class: Script1556263542255
	at TC_1_CreateAccount.run(TC_1_CreateAccount:33)
	at com.kms.katalon.core.main.ScriptEngine.run(ScriptEngine.java:194)
	at com.kms.katalon.core.main.ScriptEngine.runScriptAsRawText(ScriptEngine.java:119)
	at com.kms.katalon.core.main.TestCaseExecutor.runScript(TestCaseExecutor.java:342)
	at com.kms.katalon.core.main.TestCaseExecutor.doExecute(TestCaseExecutor.java:333)
	at com.kms.katalon.core.main.TestCaseExecutor.processExecutionPhase(TestCaseExecutor.java:312)
	at com.kms.katalon.core.main.TestCaseExecutor.accessMainPhase(TestCaseExecutor.java:304)
	at com.kms.katalon.core.main.TestCaseExecutor.execute(TestCaseExecutor.java:238)
	at com.kms.katalon.core.main.TestSuiteExecutor.accessTestCaseMainPhase(TestSuiteExecutor.java:129)
	at com.kms.katalon.core.main.TestSuiteExecutor.accessTestSuiteMainPhase(TestSuiteExecutor.java:112)
	at com.kms.katalon.core.main.TestSuiteExecutor.execute(TestSuiteExecutor.java:81)
	at com.kms.katalon.core.main.TestCaseMain.startTestSuite(TestCaseMain.java:157)
	at com.kms.katalon.core.main.TestCaseMain$startTestSuite$0.call(Unknown Source)
	at TempTestSuite1556275747878.run(TempTestSuite1556275747878.groovy:35)


2019-04-26 13:49:11 - [MESSAGE][ERROR] - s FAILED.
Reason:
groovy.lang.MissingPropertyException: No such property: s for class: Script1556263542255
	at TC_1_CreateAccount.run(TC_1_CreateAccount:33)
	at com.kms.katalon.core.main.ScriptEngine.run(ScriptEngine.java:194)
	at com.kms.katalon.core.main.ScriptEngine.runScriptAsRawText(ScriptEngine.java:119)
	at com.kms.katalon.core.main.TestCaseExecutor.runScript(TestCaseExecutor.java:342)
	at com.kms.katalon.core.main.TestCaseExecutor.doExecute(TestCaseExecutor.java:333)
	at com.kms.katalon.core.main.TestCaseExecutor.processExecutionPhase(TestCaseExecutor.java:312)
	at com.kms.katalon.core.main.TestCaseExecutor.accessMainPhase(TestCaseExecutor.java:304)
	at com.kms.katalon.core.main.TestCaseExecutor.execute(TestCaseExecutor.java:238)
	at com.kms.katalon.core.main.TestSuiteExecutor.accessTestCaseMainPhase(TestSuiteExecutor.java:129)
	at com.kms.katalon.core.main.TestSuiteExecutor.accessTestSuiteMainPhase(TestSuiteExecutor.java:112)
	at com.kms.katalon.core.main.TestSuiteExecutor.execute(TestSuiteExecutor.java:81)
	at com.kms.katalon.core.main.TestCaseMain.startTestSuite(TestCaseMain.java:157)
	at com.kms.katalon.core.main.TestCaseMain$startTestSuite$0.call(Unknown Source)
	at TempTestSuite1556275747878.run(TempTestSuite1556275747878.groovy:35)]]></system-out>
         <system-err><![CDATA[2019-04-26 13:49:11 - [TEST_CASE][ERROR] - Test Cases/TC_1_CreateAccount: Test Cases/TC_1_CreateAccount FAILED.
Reason:
groovy.lang.MissingPropertyException: No such property: s for class: Script1556263542255
	at TC_1_CreateAccount.run(TC_1_CreateAccount:33)
	at com.kms.katalon.core.main.ScriptEngine.run(ScriptEngine.java:194)
	at com.kms.katalon.core.main.ScriptEngine.runScriptAsRawText(ScriptEngine.java:119)
	at com.kms.katalon.core.main.TestCaseExecutor.runScript(TestCaseExecutor.java:342)
	at com.kms.katalon.core.main.TestCaseExecutor.doExecute(TestCaseExecutor.java:333)
	at com.kms.katalon.core.main.TestCaseExecutor.processExecutionPhase(TestCaseExecutor.java:312)
	at com.kms.katalon.core.main.TestCaseExecutor.accessMainPhase(TestCaseExecutor.java:304)
	at com.kms.katalon.core.main.TestCaseExecutor.execute(TestCaseExecutor.java:238)
	at com.kms.katalon.core.main.TestSuiteExecutor.accessTestCaseMainPhase(TestSuiteExecutor.java:129)
	at com.kms.katalon.core.main.TestSuiteExecutor.accessTestSuiteMainPhase(TestSuiteExecutor.java:112)
	at com.kms.katalon.core.main.TestSuiteExecutor.execute(TestSuiteExecutor.java:81)
	at com.kms.katalon.core.main.TestCaseMain.startTestSuite(TestCaseMain.java:157)
	at com.kms.katalon.core.main.TestCaseMain$startTestSuite$0.call(Unknown Source)
	at TempTestSuite1556275747878.run(TempTestSuite1556275747878.groovy:35)]]></system-err>
      </testcase>
      <testcase name="Test Cases/TC_1_CreateAccount" classname="Test Cases/TC_1_CreateAccount" status="ERROR">
         <error type="ERROR" message="Test Cases/TC_1_CreateAccount FAILED.
Reason:
groovy.lang.MissingPropertyException: No such property: s for class: Script1556263542255
	at TC_1_CreateAccount.run(TC_1_CreateAccount:33)
	at com.kms.katalon.core.main.ScriptEngine.run(ScriptEngine.java:194)
	at com.kms.katalon.core.main.ScriptEngine.runScriptAsRawText(ScriptEngine.java:119)
	at com.kms.katalon.core.main.TestCaseExecutor.runScript(TestCaseExecutor.java:342)
	at com.kms.katalon.core.main.TestCaseExecutor.doExecute(TestCaseExecutor.java:333)
	at com.kms.katalon.core.main.TestCaseExecutor.processExecutionPhase(TestCaseExecutor.java:312)
	at com.kms.katalon.core.main.TestCaseExecutor.accessMainPhase(TestCaseExecutor.java:304)
	at com.kms.katalon.core.main.TestCaseExecutor.execute(TestCaseExecutor.java:238)
	at com.kms.katalon.core.main.TestSuiteExecutor.accessTestCaseMainPhase(TestSuiteExecutor.java:129)
	at com.kms.katalon.core.main.TestSuiteExecutor.accessTestSuiteMainPhase(TestSuiteExecutor.java:112)
	at com.kms.katalon.core.main.TestSuiteExecutor.execute(TestSuiteExecutor.java:81)
	at com.kms.katalon.core.main.TestCaseMain.startTestSuite(TestCaseMain.java:157)
	at com.kms.katalon.core.main.TestCaseMain$startTestSuite$0.call(Unknown Source)
	at TempTestSuite1556275747878.run(TempTestSuite1556275747878.groovy:35)
"/>
         <system-out><![CDATA[2019-04-26 13:49:11 - [TEST_CASE][ERROR] - Test Cases/TC_1_CreateAccount: Test Cases/TC_1_CreateAccount FAILED.
Reason:
groovy.lang.MissingPropertyException: No such property: s for class: Script1556263542255
	at TC_1_CreateAccount.run(TC_1_CreateAccount:33)
	at com.kms.katalon.core.main.ScriptEngine.run(ScriptEngine.java:194)
	at com.kms.katalon.core.main.ScriptEngine.runScriptAsRawText(ScriptEngine.java:119)
	at com.kms.katalon.core.main.TestCaseExecutor.runScript(TestCaseExecutor.java:342)
	at com.kms.katalon.core.main.TestCaseExecutor.doExecute(TestCaseExecutor.java:333)
	at com.kms.katalon.core.main.TestCaseExecutor.processExecutionPhase(TestCaseExecutor.java:312)
	at com.kms.katalon.core.main.TestCaseExecutor.accessMainPhase(TestCaseExecutor.java:304)
	at com.kms.katalon.core.main.TestCaseExecutor.execute(TestCaseExecutor.java:238)
	at com.kms.katalon.core.main.TestSuiteExecutor.accessTestCaseMainPhase(TestSuiteExecutor.java:129)
	at com.kms.katalon.core.main.TestSuiteExecutor.accessTestSuiteMainPhase(TestSuiteExecutor.java:112)
	at com.kms.katalon.core.main.TestSuiteExecutor.execute(TestSuiteExecutor.java:81)
	at com.kms.katalon.core.main.TestCaseMain.startTestSuite(TestCaseMain.java:157)
	at com.kms.katalon.core.main.TestCaseMain$startTestSuite$0.call(Unknown Source)
	at TempTestSuite1556275747878.run(TempTestSuite1556275747878.groovy:35)


2019-04-26 13:49:11 - [TEST_STEP][PASSED] - randomCustID = <not implemented yet for class: org.codehaus.groovy.ast.expr.EmptyExpression>: null

2019-04-26 13:49:11 - [TEST_STEP][PASSED] - resultWord = <not implemented yet for class: org.codehaus.groovy.ast.expr.EmptyExpression>: null

2019-04-26 13:49:11 - [TEST_STEP][PASSED] - randomCustID = com.turkuaz.test.pkg.getTransactions.getRandomCustID(custID): com.turkuaz.test.pkg.getTransactions.getRandomCustID is PASSED

2019-04-26 13:49:11 - [MESSAGE][PASSED] - com.turkuaz.test.pkg.getTransactions.getRandomCustID is PASSED

2019-04-26 13:49:11 - [TEST_STEP][PASSED] - println("... custID oluşturuldu.. custID= " + randomCustID): null

2019-04-26 13:49:11 - [TEST_STEP][PASSED] - resultWord = findTestObject(com.turkuaz.test.pkg.getTransactions.writeExcel(randomCustID)): Test object with id 'Object Repository/1634861' does not exist

2019-04-26 13:49:11 - [MESSAGE][PASSED] - com.turkuaz.test.pkg.getTransactions.writeExcel is PASSED

2019-04-26 13:49:11 - [MESSAGE][WARNING] - Test object with id 'Object Repository/1634861' does not exist

2019-04-26 13:49:11 - [TEST_STEP][PASSED] - println("... resultWord dosyaya yazıldı.. resultWord= " + resultWord): null

2019-04-26 13:49:11 - [TEST_STEP][ERROR] - s: s FAILED.
Reason:
groovy.lang.MissingPropertyException: No such property: s for class: Script1556263542255
	at TC_1_CreateAccount.run(TC_1_CreateAccount:33)
	at com.kms.katalon.core.main.ScriptEngine.run(ScriptEngine.java:194)
	at com.kms.katalon.core.main.ScriptEngine.runScriptAsRawText(ScriptEngine.java:119)
	at com.kms.katalon.core.main.TestCaseExecutor.runScript(TestCaseExecutor.java:342)
	at com.kms.katalon.core.main.TestCaseExecutor.doExecute(TestCaseExecutor.java:333)
	at com.kms.katalon.core.main.TestCaseExecutor.processExecutionPhase(TestCaseExecutor.java:312)
	at com.kms.katalon.core.main.TestCaseExecutor.accessMainPhase(TestCaseExecutor.java:304)
	at com.kms.katalon.core.main.TestCaseExecutor.execute(TestCaseExecutor.java:238)
	at com.kms.katalon.core.main.TestSuiteExecutor.accessTestCaseMainPhase(TestSuiteExecutor.java:129)
	at com.kms.katalon.core.main.TestSuiteExecutor.accessTestSuiteMainPhase(TestSuiteExecutor.java:112)
	at com.kms.katalon.core.main.TestSuiteExecutor.execute(TestSuiteExecutor.java:81)
	at com.kms.katalon.core.main.TestCaseMain.startTestSuite(TestCaseMain.java:157)
	at com.kms.katalon.core.main.TestCaseMain$startTestSuite$0.call(Unknown Source)
	at TempTestSuite1556275747878.run(TempTestSuite1556275747878.groovy:35)


2019-04-26 13:49:11 - [MESSAGE][ERROR] - s FAILED.
Reason:
groovy.lang.MissingPropertyException: No such property: s for class: Script1556263542255
	at TC_1_CreateAccount.run(TC_1_CreateAccount:33)
	at com.kms.katalon.core.main.ScriptEngine.run(ScriptEngine.java:194)
	at com.kms.katalon.core.main.ScriptEngine.runScriptAsRawText(ScriptEngine.java:119)
	at com.kms.katalon.core.main.TestCaseExecutor.runScript(TestCaseExecutor.java:342)
	at com.kms.katalon.core.main.TestCaseExecutor.doExecute(TestCaseExecutor.java:333)
	at com.kms.katalon.core.main.TestCaseExecutor.processExecutionPhase(TestCaseExecutor.java:312)
	at com.kms.katalon.core.main.TestCaseExecutor.accessMainPhase(TestCaseExecutor.java:304)
	at com.kms.katalon.core.main.TestCaseExecutor.execute(TestCaseExecutor.java:238)
	at com.kms.katalon.core.main.TestSuiteExecutor.accessTestCaseMainPhase(TestSuiteExecutor.java:129)
	at com.kms.katalon.core.main.TestSuiteExecutor.accessTestSuiteMainPhase(TestSuiteExecutor.java:112)
	at com.kms.katalon.core.main.TestSuiteExecutor.execute(TestSuiteExecutor.java:81)
	at com.kms.katalon.core.main.TestCaseMain.startTestSuite(TestCaseMain.java:157)
	at com.kms.katalon.core.main.TestCaseMain$startTestSuite$0.call(Unknown Source)
	at TempTestSuite1556275747878.run(TempTestSuite1556275747878.groovy:35)]]></system-out>
         <system-err><![CDATA[2019-04-26 13:49:11 - [TEST_CASE][ERROR] - Test Cases/TC_1_CreateAccount: Test Cases/TC_1_CreateAccount FAILED.
Reason:
groovy.lang.MissingPropertyException: No such property: s for class: Script1556263542255
	at TC_1_CreateAccount.run(TC_1_CreateAccount:33)
	at com.kms.katalon.core.main.ScriptEngine.run(ScriptEngine.java:194)
	at com.kms.katalon.core.main.ScriptEngine.runScriptAsRawText(ScriptEngine.java:119)
	at com.kms.katalon.core.main.TestCaseExecutor.runScript(TestCaseExecutor.java:342)
	at com.kms.katalon.core.main.TestCaseExecutor.doExecute(TestCaseExecutor.java:333)
	at com.kms.katalon.core.main.TestCaseExecutor.processExecutionPhase(TestCaseExecutor.java:312)
	at com.kms.katalon.core.main.TestCaseExecutor.accessMainPhase(TestCaseExecutor.java:304)
	at com.kms.katalon.core.main.TestCaseExecutor.execute(TestCaseExecutor.java:238)
	at com.kms.katalon.core.main.TestSuiteExecutor.accessTestCaseMainPhase(TestSuiteExecutor.java:129)
	at com.kms.katalon.core.main.TestSuiteExecutor.accessTestSuiteMainPhase(TestSuiteExecutor.java:112)
	at com.kms.katalon.core.main.TestSuiteExecutor.execute(TestSuiteExecutor.java:81)
	at com.kms.katalon.core.main.TestCaseMain.startTestSuite(TestCaseMain.java:157)
	at com.kms.katalon.core.main.TestCaseMain$startTestSuite$0.call(Unknown Source)
	at TempTestSuite1556275747878.run(TempTestSuite1556275747878.groovy:35)]]></system-err>
      </testcase>
      <testcase name="Test Cases/TC_1_CreateAccount" classname="Test Cases/TC_1_CreateAccount" status="ERROR">
         <error type="ERROR" message="Test Cases/TC_1_CreateAccount FAILED.
Reason:
groovy.lang.MissingPropertyException: No such property: s for class: Script1556263542255
	at TC_1_CreateAccount.run(TC_1_CreateAccount:33)
	at com.kms.katalon.core.main.ScriptEngine.run(ScriptEngine.java:194)
	at com.kms.katalon.core.main.ScriptEngine.runScriptAsRawText(ScriptEngine.java:119)
	at com.kms.katalon.core.main.TestCaseExecutor.runScript(TestCaseExecutor.java:342)
	at com.kms.katalon.core.main.TestCaseExecutor.doExecute(TestCaseExecutor.java:333)
	at com.kms.katalon.core.main.TestCaseExecutor.processExecutionPhase(TestCaseExecutor.java:312)
	at com.kms.katalon.core.main.TestCaseExecutor.accessMainPhase(TestCaseExecutor.java:304)
	at com.kms.katalon.core.main.TestCaseExecutor.execute(TestCaseExecutor.java:238)
	at com.kms.katalon.core.main.TestSuiteExecutor.accessTestCaseMainPhase(TestSuiteExecutor.java:129)
	at com.kms.katalon.core.main.TestSuiteExecutor.accessTestSuiteMainPhase(TestSuiteExecutor.java:112)
	at com.kms.katalon.core.main.TestSuiteExecutor.execute(TestSuiteExecutor.java:81)
	at com.kms.katalon.core.main.TestCaseMain.startTestSuite(TestCaseMain.java:157)
	at com.kms.katalon.core.main.TestCaseMain$startTestSuite$0.call(Unknown Source)
	at TempTestSuite1556275747878.run(TempTestSuite1556275747878.groovy:35)
"/>
         <system-out><![CDATA[2019-04-26 13:49:11 - [TEST_CASE][ERROR] - Test Cases/TC_1_CreateAccount: Test Cases/TC_1_CreateAccount FAILED.
Reason:
groovy.lang.MissingPropertyException: No such property: s for class: Script1556263542255
	at TC_1_CreateAccount.run(TC_1_CreateAccount:33)
	at com.kms.katalon.core.main.ScriptEngine.run(ScriptEngine.java:194)
	at com.kms.katalon.core.main.ScriptEngine.runScriptAsRawText(ScriptEngine.java:119)
	at com.kms.katalon.core.main.TestCaseExecutor.runScript(TestCaseExecutor.java:342)
	at com.kms.katalon.core.main.TestCaseExecutor.doExecute(TestCaseExecutor.java:333)
	at com.kms.katalon.core.main.TestCaseExecutor.processExecutionPhase(TestCaseExecutor.java:312)
	at com.kms.katalon.core.main.TestCaseExecutor.accessMainPhase(TestCaseExecutor.java:304)
	at com.kms.katalon.core.main.TestCaseExecutor.execute(TestCaseExecutor.java:238)
	at com.kms.katalon.core.main.TestSuiteExecutor.accessTestCaseMainPhase(TestSuiteExecutor.java:129)
	at com.kms.katalon.core.main.TestSuiteExecutor.accessTestSuiteMainPhase(TestSuiteExecutor.java:112)
	at com.kms.katalon.core.main.TestSuiteExecutor.execute(TestSuiteExecutor.java:81)
	at com.kms.katalon.core.main.TestCaseMain.startTestSuite(TestCaseMain.java:157)
	at com.kms.katalon.core.main.TestCaseMain$startTestSuite$0.call(Unknown Source)
	at TempTestSuite1556275747878.run(TempTestSuite1556275747878.groovy:35)


2019-04-26 13:49:11 - [TEST_STEP][PASSED] - randomCustID = <not implemented yet for class: org.codehaus.groovy.ast.expr.EmptyExpression>: null

2019-04-26 13:49:11 - [TEST_STEP][PASSED] - resultWord = <not implemented yet for class: org.codehaus.groovy.ast.expr.EmptyExpression>: null

2019-04-26 13:49:11 - [TEST_STEP][PASSED] - randomCustID = com.turkuaz.test.pkg.getTransactions.getRandomCustID(custID): com.turkuaz.test.pkg.getTransactions.getRandomCustID is PASSED

2019-04-26 13:49:11 - [MESSAGE][PASSED] - com.turkuaz.test.pkg.getTransactions.getRandomCustID is PASSED

2019-04-26 13:49:11 - [TEST_STEP][PASSED] - println("... custID oluşturuldu.. custID= " + randomCustID): null

2019-04-26 13:49:11 - [TEST_STEP][PASSED] - resultWord = findTestObject(com.turkuaz.test.pkg.getTransactions.writeExcel(randomCustID)): Test object with id 'Object Repository/1232043' does not exist

2019-04-26 13:49:11 - [MESSAGE][PASSED] - com.turkuaz.test.pkg.getTransactions.writeExcel is PASSED

2019-04-26 13:49:11 - [MESSAGE][WARNING] - Test object with id 'Object Repository/1232043' does not exist

2019-04-26 13:49:11 - [TEST_STEP][PASSED] - println("... resultWord dosyaya yazıldı.. resultWord= " + resultWord): null

2019-04-26 13:49:11 - [TEST_STEP][ERROR] - s: s FAILED.
Reason:
groovy.lang.MissingPropertyException: No such property: s for class: Script1556263542255
	at TC_1_CreateAccount.run(TC_1_CreateAccount:33)
	at com.kms.katalon.core.main.ScriptEngine.run(ScriptEngine.java:194)
	at com.kms.katalon.core.main.ScriptEngine.runScriptAsRawText(ScriptEngine.java:119)
	at com.kms.katalon.core.main.TestCaseExecutor.runScript(TestCaseExecutor.java:342)
	at com.kms.katalon.core.main.TestCaseExecutor.doExecute(TestCaseExecutor.java:333)
	at com.kms.katalon.core.main.TestCaseExecutor.processExecutionPhase(TestCaseExecutor.java:312)
	at com.kms.katalon.core.main.TestCaseExecutor.accessMainPhase(TestCaseExecutor.java:304)
	at com.kms.katalon.core.main.TestCaseExecutor.execute(TestCaseExecutor.java:238)
	at com.kms.katalon.core.main.TestSuiteExecutor.accessTestCaseMainPhase(TestSuiteExecutor.java:129)
	at com.kms.katalon.core.main.TestSuiteExecutor.accessTestSuiteMainPhase(TestSuiteExecutor.java:112)
	at com.kms.katalon.core.main.TestSuiteExecutor.execute(TestSuiteExecutor.java:81)
	at com.kms.katalon.core.main.TestCaseMain.startTestSuite(TestCaseMain.java:157)
	at com.kms.katalon.core.main.TestCaseMain$startTestSuite$0.call(Unknown Source)
	at TempTestSuite1556275747878.run(TempTestSuite1556275747878.groovy:35)


2019-04-26 13:49:11 - [MESSAGE][ERROR] - s FAILED.
Reason:
groovy.lang.MissingPropertyException: No such property: s for class: Script1556263542255
	at TC_1_CreateAccount.run(TC_1_CreateAccount:33)
	at com.kms.katalon.core.main.ScriptEngine.run(ScriptEngine.java:194)
	at com.kms.katalon.core.main.ScriptEngine.runScriptAsRawText(ScriptEngine.java:119)
	at com.kms.katalon.core.main.TestCaseExecutor.runScript(TestCaseExecutor.java:342)
	at com.kms.katalon.core.main.TestCaseExecutor.doExecute(TestCaseExecutor.java:333)
	at com.kms.katalon.core.main.TestCaseExecutor.processExecutionPhase(TestCaseExecutor.java:312)
	at com.kms.katalon.core.main.TestCaseExecutor.accessMainPhase(TestCaseExecutor.java:304)
	at com.kms.katalon.core.main.TestCaseExecutor.execute(TestCaseExecutor.java:238)
	at com.kms.katalon.core.main.TestSuiteExecutor.accessTestCaseMainPhase(TestSuiteExecutor.java:129)
	at com.kms.katalon.core.main.TestSuiteExecutor.accessTestSuiteMainPhase(TestSuiteExecutor.java:112)
	at com.kms.katalon.core.main.TestSuiteExecutor.execute(TestSuiteExecutor.java:81)
	at com.kms.katalon.core.main.TestCaseMain.startTestSuite(TestCaseMain.java:157)
	at com.kms.katalon.core.main.TestCaseMain$startTestSuite$0.call(Unknown Source)
	at TempTestSuite1556275747878.run(TempTestSuite1556275747878.groovy:35)]]></system-out>
         <system-err><![CDATA[2019-04-26 13:49:11 - [TEST_CASE][ERROR] - Test Cases/TC_1_CreateAccount: Test Cases/TC_1_CreateAccount FAILED.
Reason:
groovy.lang.MissingPropertyException: No such property: s for class: Script1556263542255
	at TC_1_CreateAccount.run(TC_1_CreateAccount:33)
	at com.kms.katalon.core.main.ScriptEngine.run(ScriptEngine.java:194)
	at com.kms.katalon.core.main.ScriptEngine.runScriptAsRawText(ScriptEngine.java:119)
	at com.kms.katalon.core.main.TestCaseExecutor.runScript(TestCaseExecutor.java:342)
	at com.kms.katalon.core.main.TestCaseExecutor.doExecute(TestCaseExecutor.java:333)
	at com.kms.katalon.core.main.TestCaseExecutor.processExecutionPhase(TestCaseExecutor.java:312)
	at com.kms.katalon.core.main.TestCaseExecutor.accessMainPhase(TestCaseExecutor.java:304)
	at com.kms.katalon.core.main.TestCaseExecutor.execute(TestCaseExecutor.java:238)
	at com.kms.katalon.core.main.TestSuiteExecutor.accessTestCaseMainPhase(TestSuiteExecutor.java:129)
	at com.kms.katalon.core.main.TestSuiteExecutor.accessTestSuiteMainPhase(TestSuiteExecutor.java:112)
	at com.kms.katalon.core.main.TestSuiteExecutor.execute(TestSuiteExecutor.java:81)
	at com.kms.katalon.core.main.TestCaseMain.startTestSuite(TestCaseMain.java:157)
	at com.kms.katalon.core.main.TestCaseMain$startTestSuite$0.call(Unknown Source)
	at TempTestSuite1556275747878.run(TempTestSuite1556275747878.groovy:35)]]></system-err>
      </testcase>
      <testcase name="Test Cases/TC_1_CreateAccount" classname="Test Cases/TC_1_CreateAccount" status="ERROR">
         <error type="ERROR" message="Test Cases/TC_1_CreateAccount FAILED.
Reason:
groovy.lang.MissingPropertyException: No such property: s for class: Script1556263542255
	at TC_1_CreateAccount.run(TC_1_CreateAccount:33)
	at com.kms.katalon.core.main.ScriptEngine.run(ScriptEngine.java:194)
	at com.kms.katalon.core.main.ScriptEngine.runScriptAsRawText(ScriptEngine.java:119)
	at com.kms.katalon.core.main.TestCaseExecutor.runScript(TestCaseExecutor.java:342)
	at com.kms.katalon.core.main.TestCaseExecutor.doExecute(TestCaseExecutor.java:333)
	at com.kms.katalon.core.main.TestCaseExecutor.processExecutionPhase(TestCaseExecutor.java:312)
	at com.kms.katalon.core.main.TestCaseExecutor.accessMainPhase(TestCaseExecutor.java:304)
	at com.kms.katalon.core.main.TestCaseExecutor.execute(TestCaseExecutor.java:238)
	at com.kms.katalon.core.main.TestSuiteExecutor.accessTestCaseMainPhase(TestSuiteExecutor.java:129)
	at com.kms.katalon.core.main.TestSuiteExecutor.accessTestSuiteMainPhase(TestSuiteExecutor.java:112)
	at com.kms.katalon.core.main.TestSuiteExecutor.execute(TestSuiteExecutor.java:81)
	at com.kms.katalon.core.main.TestCaseMain.startTestSuite(TestCaseMain.java:157)
	at com.kms.katalon.core.main.TestCaseMain$startTestSuite$0.call(Unknown Source)
	at TempTestSuite1556275747878.run(TempTestSuite1556275747878.groovy:35)
"/>
         <system-out><![CDATA[2019-04-26 13:49:11 - [TEST_CASE][ERROR] - Test Cases/TC_1_CreateAccount: Test Cases/TC_1_CreateAccount FAILED.
Reason:
groovy.lang.MissingPropertyException: No such property: s for class: Script1556263542255
	at TC_1_CreateAccount.run(TC_1_CreateAccount:33)
	at com.kms.katalon.core.main.ScriptEngine.run(ScriptEngine.java:194)
	at com.kms.katalon.core.main.ScriptEngine.runScriptAsRawText(ScriptEngine.java:119)
	at com.kms.katalon.core.main.TestCaseExecutor.runScript(TestCaseExecutor.java:342)
	at com.kms.katalon.core.main.TestCaseExecutor.doExecute(TestCaseExecutor.java:333)
	at com.kms.katalon.core.main.TestCaseExecutor.processExecutionPhase(TestCaseExecutor.java:312)
	at com.kms.katalon.core.main.TestCaseExecutor.accessMainPhase(TestCaseExecutor.java:304)
	at com.kms.katalon.core.main.TestCaseExecutor.execute(TestCaseExecutor.java:238)
	at com.kms.katalon.core.main.TestSuiteExecutor.accessTestCaseMainPhase(TestSuiteExecutor.java:129)
	at com.kms.katalon.core.main.TestSuiteExecutor.accessTestSuiteMainPhase(TestSuiteExecutor.java:112)
	at com.kms.katalon.core.main.TestSuiteExecutor.execute(TestSuiteExecutor.java:81)
	at com.kms.katalon.core.main.TestCaseMain.startTestSuite(TestCaseMain.java:157)
	at com.kms.katalon.core.main.TestCaseMain$startTestSuite$0.call(Unknown Source)
	at TempTestSuite1556275747878.run(TempTestSuite1556275747878.groovy:35)


2019-04-26 13:49:11 - [TEST_STEP][PASSED] - randomCustID = <not implemented yet for class: org.codehaus.groovy.ast.expr.EmptyExpression>: null

2019-04-26 13:49:11 - [TEST_STEP][PASSED] - resultWord = <not implemented yet for class: org.codehaus.groovy.ast.expr.EmptyExpression>: null

2019-04-26 13:49:11 - [TEST_STEP][PASSED] - randomCustID = com.turkuaz.test.pkg.getTransactions.getRandomCustID(custID): com.turkuaz.test.pkg.getTransactions.getRandomCustID is PASSED

2019-04-26 13:49:11 - [MESSAGE][PASSED] - com.turkuaz.test.pkg.getTransactions.getRandomCustID is PASSED

2019-04-26 13:49:11 - [TEST_STEP][PASSED] - println("... custID oluşturuldu.. custID= " + randomCustID): null

2019-04-26 13:49:11 - [TEST_STEP][PASSED] - resultWord = findTestObject(com.turkuaz.test.pkg.getTransactions.writeExcel(randomCustID)): Test object with id 'Object Repository/1313244' does not exist

2019-04-26 13:49:11 - [MESSAGE][PASSED] - com.turkuaz.test.pkg.getTransactions.writeExcel is PASSED

2019-04-26 13:49:11 - [MESSAGE][WARNING] - Test object with id 'Object Repository/1313244' does not exist

2019-04-26 13:49:11 - [TEST_STEP][PASSED] - println("... resultWord dosyaya yazıldı.. resultWord= " + resultWord): null

2019-04-26 13:49:11 - [TEST_STEP][ERROR] - s: s FAILED.
Reason:
groovy.lang.MissingPropertyException: No such property: s for class: Script1556263542255
	at TC_1_CreateAccount.run(TC_1_CreateAccount:33)
	at com.kms.katalon.core.main.ScriptEngine.run(ScriptEngine.java:194)
	at com.kms.katalon.core.main.ScriptEngine.runScriptAsRawText(ScriptEngine.java:119)
	at com.kms.katalon.core.main.TestCaseExecutor.runScript(TestCaseExecutor.java:342)
	at com.kms.katalon.core.main.TestCaseExecutor.doExecute(TestCaseExecutor.java:333)
	at com.kms.katalon.core.main.TestCaseExecutor.processExecutionPhase(TestCaseExecutor.java:312)
	at com.kms.katalon.core.main.TestCaseExecutor.accessMainPhase(TestCaseExecutor.java:304)
	at com.kms.katalon.core.main.TestCaseExecutor.execute(TestCaseExecutor.java:238)
	at com.kms.katalon.core.main.TestSuiteExecutor.accessTestCaseMainPhase(TestSuiteExecutor.java:129)
	at com.kms.katalon.core.main.TestSuiteExecutor.accessTestSuiteMainPhase(TestSuiteExecutor.java:112)
	at com.kms.katalon.core.main.TestSuiteExecutor.execute(TestSuiteExecutor.java:81)
	at com.kms.katalon.core.main.TestCaseMain.startTestSuite(TestCaseMain.java:157)
	at com.kms.katalon.core.main.TestCaseMain$startTestSuite$0.call(Unknown Source)
	at TempTestSuite1556275747878.run(TempTestSuite1556275747878.groovy:35)


2019-04-26 13:49:11 - [MESSAGE][ERROR] - s FAILED.
Reason:
groovy.lang.MissingPropertyException: No such property: s for class: Script1556263542255
	at TC_1_CreateAccount.run(TC_1_CreateAccount:33)
	at com.kms.katalon.core.main.ScriptEngine.run(ScriptEngine.java:194)
	at com.kms.katalon.core.main.ScriptEngine.runScriptAsRawText(ScriptEngine.java:119)
	at com.kms.katalon.core.main.TestCaseExecutor.runScript(TestCaseExecutor.java:342)
	at com.kms.katalon.core.main.TestCaseExecutor.doExecute(TestCaseExecutor.java:333)
	at com.kms.katalon.core.main.TestCaseExecutor.processExecutionPhase(TestCaseExecutor.java:312)
	at com.kms.katalon.core.main.TestCaseExecutor.accessMainPhase(TestCaseExecutor.java:304)
	at com.kms.katalon.core.main.TestCaseExecutor.execute(TestCaseExecutor.java:238)
	at com.kms.katalon.core.main.TestSuiteExecutor.accessTestCaseMainPhase(TestSuiteExecutor.java:129)
	at com.kms.katalon.core.main.TestSuiteExecutor.accessTestSuiteMainPhase(TestSuiteExecutor.java:112)
	at com.kms.katalon.core.main.TestSuiteExecutor.execute(TestSuiteExecutor.java:81)
	at com.kms.katalon.core.main.TestCaseMain.startTestSuite(TestCaseMain.java:157)
	at com.kms.katalon.core.main.TestCaseMain$startTestSuite$0.call(Unknown Source)
	at TempTestSuite1556275747878.run(TempTestSuite1556275747878.groovy:35)]]></system-out>
         <system-err><![CDATA[2019-04-26 13:49:11 - [TEST_CASE][ERROR] - Test Cases/TC_1_CreateAccount: Test Cases/TC_1_CreateAccount FAILED.
Reason:
groovy.lang.MissingPropertyException: No such property: s for class: Script1556263542255
	at TC_1_CreateAccount.run(TC_1_CreateAccount:33)
	at com.kms.katalon.core.main.ScriptEngine.run(ScriptEngine.java:194)
	at com.kms.katalon.core.main.ScriptEngine.runScriptAsRawText(ScriptEngine.java:119)
	at com.kms.katalon.core.main.TestCaseExecutor.runScript(TestCaseExecutor.java:342)
	at com.kms.katalon.core.main.TestCaseExecutor.doExecute(TestCaseExecutor.java:333)
	at com.kms.katalon.core.main.TestCaseExecutor.processExecutionPhase(TestCaseExecutor.java:312)
	at com.kms.katalon.core.main.TestCaseExecutor.accessMainPhase(TestCaseExecutor.java:304)
	at com.kms.katalon.core.main.TestCaseExecutor.execute(TestCaseExecutor.java:238)
	at com.kms.katalon.core.main.TestSuiteExecutor.accessTestCaseMainPhase(TestSuiteExecutor.java:129)
	at com.kms.katalon.core.main.TestSuiteExecutor.accessTestSuiteMainPhase(TestSuiteExecutor.java:112)
	at com.kms.katalon.core.main.TestSuiteExecutor.execute(TestSuiteExecutor.java:81)
	at com.kms.katalon.core.main.TestCaseMain.startTestSuite(TestCaseMain.java:157)
	at com.kms.katalon.core.main.TestCaseMain$startTestSuite$0.call(Unknown Source)
	at TempTestSuite1556275747878.run(TempTestSuite1556275747878.groovy:35)]]></system-err>
      </testcase>
      <testcase name="Test Cases/TC_1_CreateAccount" classname="Test Cases/TC_1_CreateAccount" status="ERROR">
         <error type="ERROR" message="Test Cases/TC_1_CreateAccount FAILED.
Reason:
groovy.lang.MissingPropertyException: No such property: s for class: Script1556263542255
	at TC_1_CreateAccount.run(TC_1_CreateAccount:33)
	at com.kms.katalon.core.main.ScriptEngine.run(ScriptEngine.java:194)
	at com.kms.katalon.core.main.ScriptEngine.runScriptAsRawText(ScriptEngine.java:119)
	at com.kms.katalon.core.main.TestCaseExecutor.runScript(TestCaseExecutor.java:342)
	at com.kms.katalon.core.main.TestCaseExecutor.doExecute(TestCaseExecutor.java:333)
	at com.kms.katalon.core.main.TestCaseExecutor.processExecutionPhase(TestCaseExecutor.java:312)
	at com.kms.katalon.core.main.TestCaseExecutor.accessMainPhase(TestCaseExecutor.java:304)
	at com.kms.katalon.core.main.TestCaseExecutor.execute(TestCaseExecutor.java:238)
	at com.kms.katalon.core.main.TestSuiteExecutor.accessTestCaseMainPhase(TestSuiteExecutor.java:129)
	at com.kms.katalon.core.main.TestSuiteExecutor.accessTestSuiteMainPhase(TestSuiteExecutor.java:112)
	at com.kms.katalon.core.main.TestSuiteExecutor.execute(TestSuiteExecutor.java:81)
	at com.kms.katalon.core.main.TestCaseMain.startTestSuite(TestCaseMain.java:157)
	at com.kms.katalon.core.main.TestCaseMain$startTestSuite$0.call(Unknown Source)
	at TempTestSuite1556275747878.run(TempTestSuite1556275747878.groovy:35)
"/>
         <system-out><![CDATA[2019-04-26 13:49:11 - [TEST_CASE][ERROR] - Test Cases/TC_1_CreateAccount: Test Cases/TC_1_CreateAccount FAILED.
Reason:
groovy.lang.MissingPropertyException: No such property: s for class: Script1556263542255
	at TC_1_CreateAccount.run(TC_1_CreateAccount:33)
	at com.kms.katalon.core.main.ScriptEngine.run(ScriptEngine.java:194)
	at com.kms.katalon.core.main.ScriptEngine.runScriptAsRawText(ScriptEngine.java:119)
	at com.kms.katalon.core.main.TestCaseExecutor.runScript(TestCaseExecutor.java:342)
	at com.kms.katalon.core.main.TestCaseExecutor.doExecute(TestCaseExecutor.java:333)
	at com.kms.katalon.core.main.TestCaseExecutor.processExecutionPhase(TestCaseExecutor.java:312)
	at com.kms.katalon.core.main.TestCaseExecutor.accessMainPhase(TestCaseExecutor.java:304)
	at com.kms.katalon.core.main.TestCaseExecutor.execute(TestCaseExecutor.java:238)
	at com.kms.katalon.core.main.TestSuiteExecutor.accessTestCaseMainPhase(TestSuiteExecutor.java:129)
	at com.kms.katalon.core.main.TestSuiteExecutor.accessTestSuiteMainPhase(TestSuiteExecutor.java:112)
	at com.kms.katalon.core.main.TestSuiteExecutor.execute(TestSuiteExecutor.java:81)
	at com.kms.katalon.core.main.TestCaseMain.startTestSuite(TestCaseMain.java:157)
	at com.kms.katalon.core.main.TestCaseMain$startTestSuite$0.call(Unknown Source)
	at TempTestSuite1556275747878.run(TempTestSuite1556275747878.groovy:35)


2019-04-26 13:49:11 - [TEST_STEP][PASSED] - randomCustID = <not implemented yet for class: org.codehaus.groovy.ast.expr.EmptyExpression>: null

2019-04-26 13:49:11 - [TEST_STEP][PASSED] - resultWord = <not implemented yet for class: org.codehaus.groovy.ast.expr.EmptyExpression>: null

2019-04-26 13:49:11 - [TEST_STEP][PASSED] - randomCustID = com.turkuaz.test.pkg.getTransactions.getRandomCustID(custID): com.turkuaz.test.pkg.getTransactions.getRandomCustID is PASSED

2019-04-26 13:49:12 - [MESSAGE][PASSED] - com.turkuaz.test.pkg.getTransactions.getRandomCustID is PASSED

2019-04-26 13:49:12 - [TEST_STEP][PASSED] - println("... custID oluşturuldu.. custID= " + randomCustID): null

2019-04-26 13:49:12 - [TEST_STEP][PASSED] - resultWord = findTestObject(com.turkuaz.test.pkg.getTransactions.writeExcel(randomCustID)): Test object with id 'Object Repository/1586142' does not exist

2019-04-26 13:49:12 - [MESSAGE][PASSED] - com.turkuaz.test.pkg.getTransactions.writeExcel is PASSED

2019-04-26 13:49:12 - [MESSAGE][WARNING] - Test object with id 'Object Repository/1586142' does not exist

2019-04-26 13:49:12 - [TEST_STEP][PASSED] - println("... resultWord dosyaya yazıldı.. resultWord= " + resultWord): null

2019-04-26 13:49:12 - [TEST_STEP][ERROR] - s: s FAILED.
Reason:
groovy.lang.MissingPropertyException: No such property: s for class: Script1556263542255
	at TC_1_CreateAccount.run(TC_1_CreateAccount:33)
	at com.kms.katalon.core.main.ScriptEngine.run(ScriptEngine.java:194)
	at com.kms.katalon.core.main.ScriptEngine.runScriptAsRawText(ScriptEngine.java:119)
	at com.kms.katalon.core.main.TestCaseExecutor.runScript(TestCaseExecutor.java:342)
	at com.kms.katalon.core.main.TestCaseExecutor.doExecute(TestCaseExecutor.java:333)
	at com.kms.katalon.core.main.TestCaseExecutor.processExecutionPhase(TestCaseExecutor.java:312)
	at com.kms.katalon.core.main.TestCaseExecutor.accessMainPhase(TestCaseExecutor.java:304)
	at com.kms.katalon.core.main.TestCaseExecutor.execute(TestCaseExecutor.java:238)
	at com.kms.katalon.core.main.TestSuiteExecutor.accessTestCaseMainPhase(TestSuiteExecutor.java:129)
	at com.kms.katalon.core.main.TestSuiteExecutor.accessTestSuiteMainPhase(TestSuiteExecutor.java:112)
	at com.kms.katalon.core.main.TestSuiteExecutor.execute(TestSuiteExecutor.java:81)
	at com.kms.katalon.core.main.TestCaseMain.startTestSuite(TestCaseMain.java:157)
	at com.kms.katalon.core.main.TestCaseMain$startTestSuite$0.call(Unknown Source)
	at TempTestSuite1556275747878.run(TempTestSuite1556275747878.groovy:35)


2019-04-26 13:49:12 - [MESSAGE][ERROR] - s FAILED.
Reason:
groovy.lang.MissingPropertyException: No such property: s for class: Script1556263542255
	at TC_1_CreateAccount.run(TC_1_CreateAccount:33)
	at com.kms.katalon.core.main.ScriptEngine.run(ScriptEngine.java:194)
	at com.kms.katalon.core.main.ScriptEngine.runScriptAsRawText(ScriptEngine.java:119)
	at com.kms.katalon.core.main.TestCaseExecutor.runScript(TestCaseExecutor.java:342)
	at com.kms.katalon.core.main.TestCaseExecutor.doExecute(TestCaseExecutor.java:333)
	at com.kms.katalon.core.main.TestCaseExecutor.processExecutionPhase(TestCaseExecutor.java:312)
	at com.kms.katalon.core.main.TestCaseExecutor.accessMainPhase(TestCaseExecutor.java:304)
	at com.kms.katalon.core.main.TestCaseExecutor.execute(TestCaseExecutor.java:238)
	at com.kms.katalon.core.main.TestSuiteExecutor.accessTestCaseMainPhase(TestSuiteExecutor.java:129)
	at com.kms.katalon.core.main.TestSuiteExecutor.accessTestSuiteMainPhase(TestSuiteExecutor.java:112)
	at com.kms.katalon.core.main.TestSuiteExecutor.execute(TestSuiteExecutor.java:81)
	at com.kms.katalon.core.main.TestCaseMain.startTestSuite(TestCaseMain.java:157)
	at com.kms.katalon.core.main.TestCaseMain$startTestSuite$0.call(Unknown Source)
	at TempTestSuite1556275747878.run(TempTestSuite1556275747878.groovy:35)]]></system-out>
         <system-err><![CDATA[2019-04-26 13:49:11 - [TEST_CASE][ERROR] - Test Cases/TC_1_CreateAccount: Test Cases/TC_1_CreateAccount FAILED.
Reason:
groovy.lang.MissingPropertyException: No such property: s for class: Script1556263542255
	at TC_1_CreateAccount.run(TC_1_CreateAccount:33)
	at com.kms.katalon.core.main.ScriptEngine.run(ScriptEngine.java:194)
	at com.kms.katalon.core.main.ScriptEngine.runScriptAsRawText(ScriptEngine.java:119)
	at com.kms.katalon.core.main.TestCaseExecutor.runScript(TestCaseExecutor.java:342)
	at com.kms.katalon.core.main.TestCaseExecutor.doExecute(TestCaseExecutor.java:333)
	at com.kms.katalon.core.main.TestCaseExecutor.processExecutionPhase(TestCaseExecutor.java:312)
	at com.kms.katalon.core.main.TestCaseExecutor.accessMainPhase(TestCaseExecutor.java:304)
	at com.kms.katalon.core.main.TestCaseExecutor.execute(TestCaseExecutor.java:238)
	at com.kms.katalon.core.main.TestSuiteExecutor.accessTestCaseMainPhase(TestSuiteExecutor.java:129)
	at com.kms.katalon.core.main.TestSuiteExecutor.accessTestSuiteMainPhase(TestSuiteExecutor.java:112)
	at com.kms.katalon.core.main.TestSuiteExecutor.execute(TestSuiteExecutor.java:81)
	at com.kms.katalon.core.main.TestCaseMain.startTestSuite(TestCaseMain.java:157)
	at com.kms.katalon.core.main.TestCaseMain$startTestSuite$0.call(Unknown Source)
	at TempTestSuite1556275747878.run(TempTestSuite1556275747878.groovy:35)]]></system-err>
      </testcase>
      <system-out><![CDATA[2019-04-26 13:49:09 - [TEST_SUITE][ERROR] - TS_1_CreateAccount: Test Cases/TC_1_CreateAccount FAILED.
Reason:
groovy.lang.MissingPropertyException: No such property: s for class: Script1556263542255
	at TC_1_CreateAccount.run(TC_1_CreateAccount:33)
	at com.kms.katalon.core.main.ScriptEngine.run(ScriptEngine.java:194)
	at com.kms.katalon.core.main.ScriptEngine.runScriptAsRawText(ScriptEngine.java:119)
	at com.kms.katalon.core.main.TestCaseExecutor.runScript(TestCaseExecutor.java:342)
	at com.kms.katalon.core.main.TestCaseExecutor.doExecute(TestCaseExecutor.java:333)
	at com.kms.katalon.core.main.TestCaseExecutor.processExecutionPhase(TestCaseExecutor.java:312)
	at com.kms.katalon.core.main.TestCaseExecutor.accessMainPhase(TestCaseExecutor.java:304)
	at com.kms.katalon.core.main.TestCaseExecutor.execute(TestCaseExecutor.java:238)
	at com.kms.katalon.core.main.TestSuiteExecutor.accessTestCaseMainPhase(TestSuiteExecutor.java:129)
	at com.kms.katalon.core.main.TestSuiteExecutor.accessTestSuiteMainPhase(TestSuiteExecutor.java:112)
	at com.kms.katalon.core.main.TestSuiteExecutor.execute(TestSuiteExecutor.java:81)
	at com.kms.katalon.core.main.TestCaseMain.startTestSuite(TestCaseMain.java:157)
	at com.kms.katalon.core.main.TestCaseMain$startTestSuite$0.call(Unknown Source)
	at TempTestSuite1556275747878.run(TempTestSuite1556275747878.groovy:35)]]></system-out>
      <system-err><![CDATA[2019-04-26 13:49:09 - [TEST_SUITE][ERROR] - TS_1_CreateAccount: Test Cases/TC_1_CreateAccount FAILED.
Reason:
groovy.lang.MissingPropertyException: No such property: s for class: Script1556263542255
	at TC_1_CreateAccount.run(TC_1_CreateAccount:33)
	at com.kms.katalon.core.main.ScriptEngine.run(ScriptEngine.java:194)
	at com.kms.katalon.core.main.ScriptEngine.runScriptAsRawText(ScriptEngine.java:119)
	at com.kms.katalon.core.main.TestCaseExecutor.runScript(TestCaseExecutor.java:342)
	at com.kms.katalon.core.main.TestCaseExecutor.doExecute(TestCaseExecutor.java:333)
	at com.kms.katalon.core.main.TestCaseExecutor.processExecutionPhase(TestCaseExecutor.java:312)
	at com.kms.katalon.core.main.TestCaseExecutor.accessMainPhase(TestCaseExecutor.java:304)
	at com.kms.katalon.core.main.TestCaseExecutor.execute(TestCaseExecutor.java:238)
	at com.kms.katalon.core.main.TestSuiteExecutor.accessTestCaseMainPhase(TestSuiteExecutor.java:129)
	at com.kms.katalon.core.main.TestSuiteExecutor.accessTestSuiteMainPhase(TestSuiteExecutor.java:112)
	at com.kms.katalon.core.main.TestSuiteExecutor.execute(TestSuiteExecutor.java:81)
	at com.kms.katalon.core.main.TestCaseMain.startTestSuite(TestCaseMain.java:157)
	at com.kms.katalon.core.main.TestCaseMain$startTestSuite$0.call(Unknown Source)
	at TempTestSuite1556275747878.run(TempTestSuite1556275747878.groovy:35)]]></system-err>
   </testsuite>
</testsuites>
