<?xml version="1.0" encoding="UTF-8"?>
<testsuites name="TS_1_CreateAccount" time="1" tests="0" failures="0" errors="1">
   <testsuite name="TS_1_CreateAccount" tests="0" failures="0" errors="1" time="1" timestamp="2019-04-26 15:22:51" hostname="CANSU - 172.30.9.166" id="Test Suites/TS_1_CreateAccount">
      <properties>
         <property name="deviceName" value=""/>
         <property name="devicePlatform" value=""/>
         <property name="logFolder" value="C:\\Users\\CANSU\\Katalon Studio\\Turkuaz_Test_Project\\Reports\\TS_1_CreateAccount\\20190426_152249"/>
         <property name="logFiles" value="C:\\Users\\CANSU\\Katalon Studio\\Turkuaz_Test_Project\\Reports\\TS_1_CreateAccount\\20190426_152249\\execution0.log"/>
         <property name="attachments" value=""/>
         <property name="hostName" value="CANSU - 172.30.9.166"/>
         <property name="hostAddress" value="172.30.9.166"/>
         <property name="os" value="Windows 7 64bit"/>
         <property name="katalonVersion" value="6.1.1.1"/>
      </properties>
      <testcase name="Test Cases/TC_1_CreateAccount" classname="Test Cases/TC_1_CreateAccount" status="ERROR">
         <error type="ERROR" message="Test Cases/TC_1_CreateAccount FAILED.
Reason:
groovy.lang.MissingPropertyException: No such property: custID for class: Script1556263542255
	at TC_1_CreateAccount.run(TC_1_CreateAccount:22)
	at com.kms.katalon.core.main.ScriptEngine.run(ScriptEngine.java:194)
	at com.kms.katalon.core.main.ScriptEngine.runScriptAsRawText(ScriptEngine.java:119)
	at com.kms.katalon.core.main.TestCaseExecutor.runScript(TestCaseExecutor.java:342)
	at com.kms.katalon.core.main.TestCaseExecutor.doExecute(TestCaseExecutor.java:333)
	at com.kms.katalon.core.main.TestCaseExecutor.processExecutionPhase(TestCaseExecutor.java:312)
	at com.kms.katalon.core.main.TestCaseExecutor.accessMainPhase(TestCaseExecutor.java:304)
	at com.kms.katalon.core.main.TestCaseExecutor.execute(TestCaseExecutor.java:238)
	at com.kms.katalon.core.main.TestSuiteExecutor.accessTestCaseMainPhase(TestSuiteExecutor.java:129)
	at com.kms.katalon.core.main.TestSuiteExecutor.accessTestSuiteMainPhase(TestSuiteExecutor.java:112)
	at com.kms.katalon.core.main.TestSuiteExecutor.execute(TestSuiteExecutor.java:81)
	at com.kms.katalon.core.main.TestCaseMain.startTestSuite(TestCaseMain.java:157)
	at com.kms.katalon.core.main.TestCaseMain$startTestSuite$0.call(Unknown Source)
	at TempTestSuite1556281369317.run(TempTestSuite1556281369317.groovy:35)
"/>
         <system-out><![CDATA[2019-04-26 15:22:51 - [TEST_CASE][ERROR] - Test Cases/TC_1_CreateAccount: Test Cases/TC_1_CreateAccount FAILED.
Reason:
groovy.lang.MissingPropertyException: No such property: custID for class: Script1556263542255
	at TC_1_CreateAccount.run(TC_1_CreateAccount:22)
	at com.kms.katalon.core.main.ScriptEngine.run(ScriptEngine.java:194)
	at com.kms.katalon.core.main.ScriptEngine.runScriptAsRawText(ScriptEngine.java:119)
	at com.kms.katalon.core.main.TestCaseExecutor.runScript(TestCaseExecutor.java:342)
	at com.kms.katalon.core.main.TestCaseExecutor.doExecute(TestCaseExecutor.java:333)
	at com.kms.katalon.core.main.TestCaseExecutor.processExecutionPhase(TestCaseExecutor.java:312)
	at com.kms.katalon.core.main.TestCaseExecutor.accessMainPhase(TestCaseExecutor.java:304)
	at com.kms.katalon.core.main.TestCaseExecutor.execute(TestCaseExecutor.java:238)
	at com.kms.katalon.core.main.TestSuiteExecutor.accessTestCaseMainPhase(TestSuiteExecutor.java:129)
	at com.kms.katalon.core.main.TestSuiteExecutor.accessTestSuiteMainPhase(TestSuiteExecutor.java:112)
	at com.kms.katalon.core.main.TestSuiteExecutor.execute(TestSuiteExecutor.java:81)
	at com.kms.katalon.core.main.TestCaseMain.startTestSuite(TestCaseMain.java:157)
	at com.kms.katalon.core.main.TestCaseMain$startTestSuite$0.call(Unknown Source)
	at TempTestSuite1556281369317.run(TempTestSuite1556281369317.groovy:35)


2019-04-26 15:22:52 - [TEST_STEP][PASSED] - Start listener action : sampleBeforeTestCase: com.turkuaz.test.pkg.getTransactions.writeExcel is PASSED

2019-04-26 15:22:52 - [TEST_STEP][PASSED] - println(testCaseContext.getTestCaseId()): null

2019-04-26 15:22:52 - [TEST_STEP][PASSED] - println(testCaseContext.getTestCaseVariables()): null

2019-04-26 15:22:52 - [TEST_STEP][PASSED] - randomCustID = <not implemented yet for class: org.codehaus.groovy.ast.expr.EmptyExpression>: null

2019-04-26 15:22:52 - [TEST_STEP][PASSED] - writeRandomID = <not implemented yet for class: org.codehaus.groovy.ast.expr.EmptyExpression>: null

2019-04-26 15:22:52 - [TEST_STEP][PASSED] - readRandomID = <not implemented yet for class: org.codehaus.groovy.ast.expr.EmptyExpression>: null

2019-04-26 15:22:52 - [TEST_STEP][PASSED] - randomCustID = com.turkuaz.test.pkg.getTransactions.getRandomCustID(custID): com.turkuaz.test.pkg.getTransactions.getRandomCustID is PASSED

2019-04-26 15:22:52 - [MESSAGE][PASSED] - com.turkuaz.test.pkg.getTransactions.getRandomCustID is PASSED

2019-04-26 15:22:52 - [TEST_STEP][PASSED] - println("... Listenerdayız.. custID oluşturuldu.. custID= " + randomCustID): null

2019-04-26 15:22:52 - [TEST_STEP][PASSED] - com.turkuaz.test.pkg.getTransactions.writeExcel(randomCustID): com.turkuaz.test.pkg.getTransactions.writeExcel is PASSED

2019-04-26 15:22:52 - [MESSAGE][PASSED] - com.turkuaz.test.pkg.getTransactions.writeExcel is PASSED

2019-04-26 15:22:52 - [TEST_STEP][ERROR] - println(" ...TC_1 Scriptteyiz... custID = " + custID): println(" ...TC_1 Scriptteyiz... custID = " + custID) FAILED.
Reason:
groovy.lang.MissingPropertyException: No such property: custID for class: Script1556263542255
	at TC_1_CreateAccount.run(TC_1_CreateAccount:22)
	at com.kms.katalon.core.main.ScriptEngine.run(ScriptEngine.java:194)
	at com.kms.katalon.core.main.ScriptEngine.runScriptAsRawText(ScriptEngine.java:119)
	at com.kms.katalon.core.main.TestCaseExecutor.runScript(TestCaseExecutor.java:342)
	at com.kms.katalon.core.main.TestCaseExecutor.doExecute(TestCaseExecutor.java:333)
	at com.kms.katalon.core.main.TestCaseExecutor.processExecutionPhase(TestCaseExecutor.java:312)
	at com.kms.katalon.core.main.TestCaseExecutor.accessMainPhase(TestCaseExecutor.java:304)
	at com.kms.katalon.core.main.TestCaseExecutor.execute(TestCaseExecutor.java:238)
	at com.kms.katalon.core.main.TestSuiteExecutor.accessTestCaseMainPhase(TestSuiteExecutor.java:129)
	at com.kms.katalon.core.main.TestSuiteExecutor.accessTestSuiteMainPhase(TestSuiteExecutor.java:112)
	at com.kms.katalon.core.main.TestSuiteExecutor.execute(TestSuiteExecutor.java:81)
	at com.kms.katalon.core.main.TestCaseMain.startTestSuite(TestCaseMain.java:157)
	at com.kms.katalon.core.main.TestCaseMain$startTestSuite$0.call(Unknown Source)
	at TempTestSuite1556281369317.run(TempTestSuite1556281369317.groovy:35)


2019-04-26 15:22:52 - [MESSAGE][ERROR] - println(" ...TC_1 Scriptteyiz... custID = " + custID) FAILED.
Reason:
groovy.lang.MissingPropertyException: No such property: custID for class: Script1556263542255
	at TC_1_CreateAccount.run(TC_1_CreateAccount:22)
	at com.kms.katalon.core.main.ScriptEngine.run(ScriptEngine.java:194)
	at com.kms.katalon.core.main.ScriptEngine.runScriptAsRawText(ScriptEngine.java:119)
	at com.kms.katalon.core.main.TestCaseExecutor.runScript(TestCaseExecutor.java:342)
	at com.kms.katalon.core.main.TestCaseExecutor.doExecute(TestCaseExecutor.java:333)
	at com.kms.katalon.core.main.TestCaseExecutor.processExecutionPhase(TestCaseExecutor.java:312)
	at com.kms.katalon.core.main.TestCaseExecutor.accessMainPhase(TestCaseExecutor.java:304)
	at com.kms.katalon.core.main.TestCaseExecutor.execute(TestCaseExecutor.java:238)
	at com.kms.katalon.core.main.TestSuiteExecutor.accessTestCaseMainPhase(TestSuiteExecutor.java:129)
	at com.kms.katalon.core.main.TestSuiteExecutor.accessTestSuiteMainPhase(TestSuiteExecutor.java:112)
	at com.kms.katalon.core.main.TestSuiteExecutor.execute(TestSuiteExecutor.java:81)
	at com.kms.katalon.core.main.TestCaseMain.startTestSuite(TestCaseMain.java:157)
	at com.kms.katalon.core.main.TestCaseMain$startTestSuite$0.call(Unknown Source)
	at TempTestSuite1556281369317.run(TempTestSuite1556281369317.groovy:35)


2019-04-26 15:22:52 - [TEST_STEP][PASSED] - Start listener action : sampleAfterTestCase: null

2019-04-26 15:22:52 - [TEST_STEP][PASSED] - println(testCaseContext.getTestCaseId()): null

2019-04-26 15:22:52 - [TEST_STEP][PASSED] - println(testCaseContext.getTestCaseStatus()): null

2019-04-26 15:22:52 - [TEST_STEP][PASSED] - println("....custID oluştu....."): null]]></system-out>
         <system-err><![CDATA[2019-04-26 15:22:51 - [TEST_CASE][ERROR] - Test Cases/TC_1_CreateAccount: Test Cases/TC_1_CreateAccount FAILED.
Reason:
groovy.lang.MissingPropertyException: No such property: custID for class: Script1556263542255
	at TC_1_CreateAccount.run(TC_1_CreateAccount:22)
	at com.kms.katalon.core.main.ScriptEngine.run(ScriptEngine.java:194)
	at com.kms.katalon.core.main.ScriptEngine.runScriptAsRawText(ScriptEngine.java:119)
	at com.kms.katalon.core.main.TestCaseExecutor.runScript(TestCaseExecutor.java:342)
	at com.kms.katalon.core.main.TestCaseExecutor.doExecute(TestCaseExecutor.java:333)
	at com.kms.katalon.core.main.TestCaseExecutor.processExecutionPhase(TestCaseExecutor.java:312)
	at com.kms.katalon.core.main.TestCaseExecutor.accessMainPhase(TestCaseExecutor.java:304)
	at com.kms.katalon.core.main.TestCaseExecutor.execute(TestCaseExecutor.java:238)
	at com.kms.katalon.core.main.TestSuiteExecutor.accessTestCaseMainPhase(TestSuiteExecutor.java:129)
	at com.kms.katalon.core.main.TestSuiteExecutor.accessTestSuiteMainPhase(TestSuiteExecutor.java:112)
	at com.kms.katalon.core.main.TestSuiteExecutor.execute(TestSuiteExecutor.java:81)
	at com.kms.katalon.core.main.TestCaseMain.startTestSuite(TestCaseMain.java:157)
	at com.kms.katalon.core.main.TestCaseMain$startTestSuite$0.call(Unknown Source)
	at TempTestSuite1556281369317.run(TempTestSuite1556281369317.groovy:35)]]></system-err>
      </testcase>
      <system-out><![CDATA[2019-04-26 15:22:51 - [TEST_SUITE][ERROR] - TS_1_CreateAccount: Test Cases/TC_1_CreateAccount FAILED.
Reason:
groovy.lang.MissingPropertyException: No such property: custID for class: Script1556263542255
	at TC_1_CreateAccount.run(TC_1_CreateAccount:22)
	at com.kms.katalon.core.main.ScriptEngine.run(ScriptEngine.java:194)
	at com.kms.katalon.core.main.ScriptEngine.runScriptAsRawText(ScriptEngine.java:119)
	at com.kms.katalon.core.main.TestCaseExecutor.runScript(TestCaseExecutor.java:342)
	at com.kms.katalon.core.main.TestCaseExecutor.doExecute(TestCaseExecutor.java:333)
	at com.kms.katalon.core.main.TestCaseExecutor.processExecutionPhase(TestCaseExecutor.java:312)
	at com.kms.katalon.core.main.TestCaseExecutor.accessMainPhase(TestCaseExecutor.java:304)
	at com.kms.katalon.core.main.TestCaseExecutor.execute(TestCaseExecutor.java:238)
	at com.kms.katalon.core.main.TestSuiteExecutor.accessTestCaseMainPhase(TestSuiteExecutor.java:129)
	at com.kms.katalon.core.main.TestSuiteExecutor.accessTestSuiteMainPhase(TestSuiteExecutor.java:112)
	at com.kms.katalon.core.main.TestSuiteExecutor.execute(TestSuiteExecutor.java:81)
	at com.kms.katalon.core.main.TestCaseMain.startTestSuite(TestCaseMain.java:157)
	at com.kms.katalon.core.main.TestCaseMain$startTestSuite$0.call(Unknown Source)
	at TempTestSuite1556281369317.run(TempTestSuite1556281369317.groovy:35)]]></system-out>
      <system-err><![CDATA[2019-04-26 15:22:51 - [TEST_SUITE][ERROR] - TS_1_CreateAccount: Test Cases/TC_1_CreateAccount FAILED.
Reason:
groovy.lang.MissingPropertyException: No such property: custID for class: Script1556263542255
	at TC_1_CreateAccount.run(TC_1_CreateAccount:22)
	at com.kms.katalon.core.main.ScriptEngine.run(ScriptEngine.java:194)
	at com.kms.katalon.core.main.ScriptEngine.runScriptAsRawText(ScriptEngine.java:119)
	at com.kms.katalon.core.main.TestCaseExecutor.runScript(TestCaseExecutor.java:342)
	at com.kms.katalon.core.main.TestCaseExecutor.doExecute(TestCaseExecutor.java:333)
	at com.kms.katalon.core.main.TestCaseExecutor.processExecutionPhase(TestCaseExecutor.java:312)
	at com.kms.katalon.core.main.TestCaseExecutor.accessMainPhase(TestCaseExecutor.java:304)
	at com.kms.katalon.core.main.TestCaseExecutor.execute(TestCaseExecutor.java:238)
	at com.kms.katalon.core.main.TestSuiteExecutor.accessTestCaseMainPhase(TestSuiteExecutor.java:129)
	at com.kms.katalon.core.main.TestSuiteExecutor.accessTestSuiteMainPhase(TestSuiteExecutor.java:112)
	at com.kms.katalon.core.main.TestSuiteExecutor.execute(TestSuiteExecutor.java:81)
	at com.kms.katalon.core.main.TestCaseMain.startTestSuite(TestCaseMain.java:157)
	at com.kms.katalon.core.main.TestCaseMain$startTestSuite$0.call(Unknown Source)
	at TempTestSuite1556281369317.run(TempTestSuite1556281369317.groovy:35)]]></system-err>
   </testsuite>
</testsuites>
